{"level":"info","message":"Servidor rodando na porta 3000"}
{"level":"info","message":"Banco de dados conectado e pronto."}
{"level":"warn","message":"Tentativa de registro com email duplicado: marcus.teste@email.com"}
{"level":"info","message":"Servidor rodando na porta 3000"}
{"level":"info","message":"Banco de dados conectado e pronto."}
{"level":"info","message":"Servidor rodando na porta 3000"}
{"level":"info","message":"Banco de dados conectado e pronto."}
{"level":"info","message":"Servidor rodando na porta 3000"}
{"level":"info","message":"Banco de dados conectado e pronto."}
{"issues":[{"code":"invalid_string","message":"Formato de email inválido.","path":["email"],"validation":"email"},{"code":"too_small","exact":false,"inclusive":true,"message":"A senha deve ter no mínimo 8 caracteres.","minimum":8,"path":["senha"],"type":"string"}],"level":"error","name":"ZodError"}
{"issues":[{"code":"invalid_string","message":"Formato de email inválido.","path":["email"],"validation":"email"},{"code":"too_small","exact":false,"inclusive":true,"message":"A senha deve ter no mínimo 8 caracteres.","minimum":8,"path":["senha"],"type":"string"}],"level":"error","name":"ZodError"}
{"issues":[{"code":"invalid_string","message":"Formato de email inválido.","path":["email"],"validation":"email"}],"level":"error","name":"ZodError"}
{"code":"SQLITE_CONSTRAINT","errno":19,"level":"error"}
{"level":"info","message":"Servidor rodando na porta 3000"}
{"level":"info","message":"Banco de dados conectado e pronto."}
{"level":"error","message":{"mensagem":"SQLITE_CONSTRAINT: UNIQUE constraint failed: usuarios.email","metodo":"POST","rota":"/auth/register","stack":"Error: SQLITE_CONSTRAINT: UNIQUE constraint failed: usuarios.email"}}
{"level":"error","message":{"mensagem":"[\n  {\n    \"validation\": \"email\",\n    \"code\": \"invalid_string\",\n    \"message\": \"Formato de email inválido.\",\n    \"path\": [\n      \"email\"\n    ]\n  }\n]","metodo":"POST","rota":"/auth/register","stack":"ZodError: [\n  {\n    \"validation\": \"email\",\n    \"code\": \"invalid_string\",\n    \"message\": \"Formato de email inválido.\",\n    \"path\": [\n      \"email\"\n    ]\n  }\n]\n    at get error (C:\\Users\\marcu\\OneDrive\\Área de Trabalho\\agenda-secreta\\node_modules\\zod\\dist\\cjs\\v3\\types.js:45:31)\n    at ZodObject.parse (C:\\Users\\marcu\\OneDrive\\Área de Trabalho\\agenda-secreta\\node_modules\\zod\\dist\\cjs\\v3\\types.js:120:22)\n    at C:\\Users\\marcu\\OneDrive\\Área de Trabalho\\agenda-secreta\\authRoutes.js:20:49\n    at Layer.handle [as handle_request] (C:\\Users\\marcu\\OneDrive\\Área de Trabalho\\agenda-secreta\\node_modules\\express\\lib\\router\\layer.js:95:5)\n    at next (C:\\Users\\marcu\\OneDrive\\Área de Trabalho\\agenda-secreta\\node_modules\\express\\lib\\router\\route.js:149:13)\n    at Route.dispatch (C:\\Users\\marcu\\OneDrive\\Área de Trabalho\\agenda-secreta\\node_modules\\express\\lib\\router\\route.js:119:3)\n    at Layer.handle [as handle_request] (C:\\Users\\marcu\\OneDrive\\Área de Trabalho\\agenda-secreta\\node_modules\\express\\lib\\router\\layer.js:95:5)\n    at C:\\Users\\marcu\\OneDrive\\Área de Trabalho\\agenda-secreta\\node_modules\\express\\lib\\router\\index.js:284:15\n    at Function.process_params (C:\\Users\\marcu\\OneDrive\\Área de Trabalho\\agenda-secreta\\node_modules\\express\\lib\\router\\index.js:346:12)\n    at next (C:\\Users\\marcu\\OneDrive\\Área de Trabalho\\agenda-secreta\\node_modules\\express\\lib\\router\\index.js:280:10)"}}
{"level":"info","message":"Iniciando a execução das migrations..."}
{"level":"info","message":"Migrações concluídas com sucesso."}
{"level":"info","message":"Iniciando a execução das migrations..."}
{"level":"info","message":"Migrações concluídas com sucesso."}
{"level":"info","message":"Servidor rodando na porta 3000"}
{"level":"info","message":"Banco de dados conectado e pronto."}
{"level":"info","message":"Servidor rodando na porta 3000"}
{"level":"info","message":"Banco de dados conectado e pronto."}
